{"/Users/taiwosunday/codebase/js/Random_Phone_Number_Generator/client/src/component/Numbers.js": {"path":"/Users/taiwosunday/codebase/js/Random_Phone_Number_Generator/client/src/component/Numbers.js","statementMap":{"0":{"start":{"line":14,"column":26},"end":{"line":14,"column":48}},"1":{"start":{"line":15,"column":4},"end":{"line":18,"column":6}},"2":{"start":{"line":22,"column":19},"end":{"line":22,"column":37}},"3":{"start":{"line":23,"column":4},"end":{"line":26,"column":6}},"4":{"start":{"line":27,"column":4},"end":{"line":27,"column":21}},"5":{"start":{"line":31,"column":24},"end":{"line":31,"column":34}},"6":{"start":{"line":32,"column":16},"end":{"line":32,"column":36}},"7":{"start":{"line":33,"column":16},"end":{"line":33,"column":36}},"8":{"start":{"line":34,"column":4},"end":{"line":34,"column":32}},"9":{"start":{"line":38,"column":19},"end":{"line":42,"column":6}},"10":{"start":{"line":39,"column":6},"end":{"line":41,"column":7}},"11":{"start":{"line":43,"column":4},"end":{"line":43,"column":18}},"12":{"start":{"line":47,"column":24},"end":{"line":47,"column":34}},"13":{"start":{"line":48,"column":22},"end":{"line":48,"column":51}},"14":{"start":{"line":48,"column":45},"end":{"line":48,"column":50}},"15":{"start":{"line":49,"column":4},"end":{"line":49,"column":41}},"16":{"start":{"line":53,"column":24},"end":{"line":53,"column":34}},"17":{"start":{"line":54,"column":23},"end":{"line":54,"column":52}},"18":{"start":{"line":54,"column":46},"end":{"line":54,"column":51}},"19":{"start":{"line":55,"column":4},"end":{"line":55,"column":42}},"20":{"start":{"line":59,"column":42},"end":{"line":59,"column":52}},"21":{"start":{"line":60,"column":4},"end":{"line":112,"column":6}}},"fnMap":{"0":{"name":"(anonymous_0)","decl":{"start":{"line":13,"column":19},"end":{"line":13,"column":20}},"loc":{"start":{"line":13,"column":32},"end":{"line":19,"column":3}},"line":13},"1":{"name":"(anonymous_1)","decl":{"start":{"line":21,"column":15},"end":{"line":21,"column":16}},"loc":{"start":{"line":21,"column":28},"end":{"line":28,"column":3}},"line":21},"2":{"name":"(anonymous_2)","decl":{"start":{"line":30,"column":14},"end":{"line":30,"column":15}},"loc":{"start":{"line":30,"column":20},"end":{"line":35,"column":3}},"line":30},"3":{"name":"(anonymous_3)","decl":{"start":{"line":37,"column":16},"end":{"line":37,"column":17}},"loc":{"start":{"line":37,"column":27},"end":{"line":44,"column":3}},"line":37},"4":{"name":"(anonymous_4)","decl":{"start":{"line":38,"column":29},"end":{"line":38,"column":30}},"loc":{"start":{"line":38,"column":40},"end":{"line":42,"column":5}},"line":38},"5":{"name":"(anonymous_5)","decl":{"start":{"line":46,"column":18},"end":{"line":46,"column":19}},"loc":{"start":{"line":46,"column":24},"end":{"line":50,"column":3}},"line":46},"6":{"name":"(anonymous_6)","decl":{"start":{"line":48,"column":35},"end":{"line":48,"column":36}},"loc":{"start":{"line":48,"column":45},"end":{"line":48,"column":50}},"line":48},"7":{"name":"(anonymous_7)","decl":{"start":{"line":52,"column":19},"end":{"line":52,"column":20}},"loc":{"start":{"line":52,"column":25},"end":{"line":56,"column":3}},"line":52},"8":{"name":"(anonymous_8)","decl":{"start":{"line":54,"column":36},"end":{"line":54,"column":37}},"loc":{"start":{"line":54,"column":46},"end":{"line":54,"column":51}},"line":54},"9":{"name":"(anonymous_9)","decl":{"start":{"line":58,"column":2},"end":{"line":58,"column":3}},"loc":{"start":{"line":58,"column":11},"end":{"line":113,"column":3}},"line":58}},"branchMap":{"0":{"loc":{"start":{"line":81,"column":12},"end":{"line":94,"column":20}},"type":"cond-expr","locations":[{"start":{"line":82,"column":14},"end":{"line":93,"column":17}},{"start":{"line":94,"column":16},"end":{"line":94,"column":20}}],"line":81},"1":{"loc":{"start":{"line":103,"column":14},"end":{"line":104,"column":99}},"type":"cond-expr","locations":[{"start":{"line":104,"column":17},"end":{"line":104,"column":91}},{"start":{"line":104,"column":95},"end":{"line":104,"column":99}}],"line":103}},"s":{"0":1,"1":1,"2":1,"3":1,"4":1,"5":1,"6":1,"7":1,"8":1,"9":32,"10":21,"11":32,"12":1,"13":1,"14":4,"15":1,"16":1,"17":1,"18":4,"19":1,"20":16,"21":16},"f":{"0":1,"1":1,"2":1,"3":32,"4":21,"5":1,"6":4,"7":1,"8":4,"9":16},"b":{"0":[6,10],"1":[6,10]},"_coverageSchema":"43e27e138ebf9cfc5966b082cf9a028302ed4184","hash":"39ccb5e29ac1a6e803ca3331446d770579910d5e"}
,"/Users/taiwosunday/codebase/js/Random_Phone_Number_Generator/client/src/helper/index.js": {"path":"/Users/taiwosunday/codebase/js/Random_Phone_Number_Generator/client/src/helper/index.js","statementMap":{"0":{"start":{"line":4,"column":32},"end":{"line":11,"column":3}},"1":{"start":{"line":5,"column":4},"end":{"line":10,"column":5}},"2":{"start":{"line":6,"column":25},"end":{"line":6,"column":59}},"3":{"start":{"line":7,"column":6},"end":{"line":7,"column":23}},"4":{"start":{"line":9,"column":6},"end":{"line":9,"column":18}},"5":{"start":{"line":12,"column":28},"end":{"line":19,"column":3}},"6":{"start":{"line":13,"column":4},"end":{"line":18,"column":5}},"7":{"start":{"line":14,"column":22},"end":{"line":14,"column":56}},"8":{"start":{"line":15,"column":6},"end":{"line":15,"column":20}},"9":{"start":{"line":17,"column":6},"end":{"line":17,"column":19}}},"fnMap":{"0":{"name":"(anonymous_0)","decl":{"start":{"line":4,"column":32},"end":{"line":4,"column":33}},"loc":{"start":{"line":4,"column":44},"end":{"line":11,"column":3}},"line":4},"1":{"name":"(anonymous_1)","decl":{"start":{"line":12,"column":28},"end":{"line":12,"column":29}},"loc":{"start":{"line":12,"column":40},"end":{"line":19,"column":3}},"line":12}},"branchMap":{},"s":{"0":1,"1":1,"2":1,"3":1,"4":0,"5":1,"6":1,"7":1,"8":1,"9":0},"f":{"0":1,"1":1},"b":{},"_coverageSchema":"43e27e138ebf9cfc5966b082cf9a028302ed4184","hash":"1e3120cf3aa894a4a394a03c0e23a4e3ab72d4c7"}
,"/Users/taiwosunday/codebase/js/Random_Phone_Number_Generator/src/app.js": {"path":"/Users/taiwosunday/codebase/js/Random_Phone_Number_Generator/src/app.js","statementMap":{"0":{"start":{"line":10,"column":12},"end":{"line":10,"column":21}},"1":{"start":{"line":12,"column":0},"end":{"line":12,"column":16}},"2":{"start":{"line":13,"column":0},"end":{"line":13,"column":23}},"3":{"start":{"line":16,"column":0},"end":{"line":22,"column":2}},"4":{"start":{"line":24,"column":0},"end":{"line":24,"column":67}},"5":{"start":{"line":25,"column":0},"end":{"line":25,"column":64}},"6":{"start":{"line":27,"column":0},"end":{"line":27,"column":28}},"7":{"start":{"line":30,"column":0},"end":{"line":32,"column":3}},"8":{"start":{"line":31,"column":2},"end":{"line":31,"column":69}}},"fnMap":{"0":{"name":"(anonymous_0)","decl":{"start":{"line":30,"column":13},"end":{"line":30,"column":14}},"loc":{"start":{"line":30,"column":27},"end":{"line":32,"column":1}},"line":30}},"branchMap":{},"s":{"0":1,"1":1,"2":1,"3":1,"4":1,"5":1,"6":1,"7":1,"8":1},"f":{"0":1},"b":{},"_coverageSchema":"43e27e138ebf9cfc5966b082cf9a028302ed4184","hash":"9e53b4409793c6b099d76ea48aaf27cdb2944fa4"}
,"/Users/taiwosunday/codebase/js/Random_Phone_Number_Generator/src/controllers/RandomNumber.js": {"path":"/Users/taiwosunday/codebase/js/Random_Phone_Number_Generator/src/controllers/RandomNumber.js","statementMap":{"0":{"start":{"line":5,"column":23},"end":{"line":5,"column":53}},"1":{"start":{"line":6,"column":4},"end":{"line":10,"column":7}},"2":{"start":{"line":14,"column":20},"end":{"line":14,"column":45}},"3":{"start":{"line":15,"column":4},"end":{"line":19,"column":6}}},"fnMap":{"0":{"name":"(anonymous_0)","decl":{"start":{"line":4,"column":2},"end":{"line":4,"column":3}},"loc":{"start":{"line":4,"column":39},"end":{"line":11,"column":3}},"line":4},"1":{"name":"(anonymous_1)","decl":{"start":{"line":13,"column":2},"end":{"line":13,"column":3}},"loc":{"start":{"line":13,"column":41},"end":{"line":20,"column":3}},"line":13}},"branchMap":{},"s":{"0":1,"1":1,"2":1,"3":1},"f":{"0":1,"1":1},"b":{},"_coverageSchema":"43e27e138ebf9cfc5966b082cf9a028302ed4184","hash":"0edd76984bafcd263096f2c3ed39488536768dc0"}
,"/Users/taiwosunday/codebase/js/Random_Phone_Number_Generator/src/helper/index.js": {"path":"/Users/taiwosunday/codebase/js/Random_Phone_Number_Generator/src/helper/index.js","statementMap":{"0":{"start":{"line":6,"column":16},"end":{"line":6,"column":63}},"1":{"start":{"line":7,"column":17},"end":{"line":7,"column":39}},"2":{"start":{"line":8,"column":18},"end":{"line":8,"column":41}},"3":{"start":{"line":12,"column":4},"end":{"line":22,"column":5}},"4":{"start":{"line":13,"column":22},"end":{"line":13,"column":43}},"5":{"start":{"line":14,"column":22},"end":{"line":17,"column":7}},"6":{"start":{"line":18,"column":25},"end":{"line":18,"column":48}},"7":{"start":{"line":19,"column":6},"end":{"line":19,"column":43}},"8":{"start":{"line":21,"column":6},"end":{"line":21,"column":18}},"9":{"start":{"line":26,"column":4},"end":{"line":31,"column":5}},"10":{"start":{"line":27,"column":20},"end":{"line":27,"column":51}},"11":{"start":{"line":28,"column":6},"end":{"line":28,"column":64}},"12":{"start":{"line":30,"column":6},"end":{"line":30,"column":18}},"13":{"start":{"line":35,"column":4},"end":{"line":49,"column":5}},"14":{"start":{"line":36,"column":26},"end":{"line":36,"column":47}},"15":{"start":{"line":37,"column":29},"end":{"line":37,"column":31}},"16":{"start":{"line":38,"column":23},"end":{"line":38,"column":27}},"17":{"start":{"line":39,"column":6},"end":{"line":44,"column":7}},"18":{"start":{"line":39,"column":19},"end":{"line":39,"column":20}},"19":{"start":{"line":40,"column":23},"end":{"line":40,"column":96}},"20":{"start":{"line":41,"column":21},"end":{"line":41,"column":29}},"21":{"start":{"line":42,"column":8},"end":{"line":42,"column":47}},"22":{"start":{"line":42,"column":32},"end":{"line":42,"column":47}},"23":{"start":{"line":43,"column":8},"end":{"line":43,"column":36}},"24":{"start":{"line":45,"column":6},"end":{"line":45,"column":44}},"25":{"start":{"line":46,"column":6},"end":{"line":46,"column":49}},"26":{"start":{"line":48,"column":6},"end":{"line":48,"column":18}},"27":{"start":{"line":53,"column":4},"end":{"line":58,"column":5}},"28":{"start":{"line":54,"column":18},"end":{"line":54,"column":33}},"29":{"start":{"line":55,"column":6},"end":{"line":55,"column":17}},"30":{"start":{"line":57,"column":6},"end":{"line":57,"column":16}},"31":{"start":{"line":62,"column":20},"end":{"line":64,"column":6}},"32":{"start":{"line":63,"column":6},"end":{"line":63,"column":18}},"33":{"start":{"line":65,"column":4},"end":{"line":65,"column":19}},"34":{"start":{"line":69,"column":4},"end":{"line":75,"column":5}},"35":{"start":{"line":70,"column":23},"end":{"line":70,"column":54}},"36":{"start":{"line":71,"column":27},"end":{"line":71,"column":59}},"37":{"start":{"line":72,"column":6},"end":{"line":72,"column":26}},"38":{"start":{"line":74,"column":6},"end":{"line":74,"column":19}}},"fnMap":{"0":{"name":"(anonymous_0)","decl":{"start":{"line":11,"column":2},"end":{"line":11,"column":3}},"loc":{"start":{"line":11,"column":32},"end":{"line":23,"column":3}},"line":11},"1":{"name":"(anonymous_1)","decl":{"start":{"line":25,"column":2},"end":{"line":25,"column":3}},"loc":{"start":{"line":25,"column":28},"end":{"line":32,"column":3}},"line":25},"2":{"name":"(anonymous_2)","decl":{"start":{"line":34,"column":2},"end":{"line":34,"column":3}},"loc":{"start":{"line":34,"column":33},"end":{"line":50,"column":3}},"line":34},"3":{"name":"(anonymous_3)","decl":{"start":{"line":52,"column":2},"end":{"line":52,"column":3}},"loc":{"start":{"line":52,"column":32},"end":{"line":59,"column":3}},"line":52},"4":{"name":"(anonymous_4)","decl":{"start":{"line":61,"column":2},"end":{"line":61,"column":3}},"loc":{"start":{"line":61,"column":33},"end":{"line":66,"column":3}},"line":61},"5":{"name":"(anonymous_5)","decl":{"start":{"line":62,"column":45},"end":{"line":62,"column":46}},"loc":{"start":{"line":62,"column":53},"end":{"line":64,"column":5}},"line":62},"6":{"name":"(anonymous_6)","decl":{"start":{"line":68,"column":2},"end":{"line":68,"column":3}},"loc":{"start":{"line":68,"column":26},"end":{"line":76,"column":3}},"line":68}},"branchMap":{"0":{"loc":{"start":{"line":42,"column":8},"end":{"line":42,"column":47}},"type":"if","locations":[{"start":{"line":42,"column":8},"end":{"line":42,"column":47}},{"start":{"line":42,"column":8},"end":{"line":42,"column":47}}],"line":42}},"s":{"0":1,"1":1,"2":1,"3":1,"4":1,"5":1,"6":1,"7":1,"8":0,"9":1,"10":1,"11":1,"12":0,"13":1,"14":1,"15":1,"16":1,"17":1,"18":1,"19":1000,"20":1000,"21":1000,"22":0,"23":1000,"24":1,"25":1,"26":0,"27":3,"28":3,"29":1,"30":2,"31":2,"32":2000,"33":2,"34":2,"35":2,"36":2,"37":2,"38":0},"f":{"0":1,"1":1,"2":1,"3":3,"4":2,"5":2000,"6":2},"b":{"0":[0,1000]},"_coverageSchema":"43e27e138ebf9cfc5966b082cf9a028302ed4184","hash":"b0101229dbde5cf755a960a3ecc5ed950eff0a04"}
,"/Users/taiwosunday/codebase/js/Random_Phone_Number_Generator/src/routes/index.js": {"path":"/Users/taiwosunday/codebase/js/Random_Phone_Number_Generator/src/routes/index.js","statementMap":{"0":{"start":{"line":4,"column":15},"end":{"line":4,"column":31}},"1":{"start":{"line":6,"column":0},"end":{"line":11,"column":3}},"2":{"start":{"line":7,"column":2},"end":{"line":10,"column":50}},"3":{"start":{"line":13,"column":0},"end":{"line":16,"column":2}},"4":{"start":{"line":18,"column":0},"end":{"line":21,"column":2}},"5":{"start":{"line":24,"column":0},"end":{"line":27,"column":6}},"6":{"start":{"line":25,"column":2},"end":{"line":27,"column":4}}},"fnMap":{"0":{"name":"(anonymous_0)","decl":{"start":{"line":6,"column":16},"end":{"line":6,"column":17}},"loc":{"start":{"line":6,"column":30},"end":{"line":11,"column":1}},"line":6},"1":{"name":"(anonymous_1)","decl":{"start":{"line":24,"column":16},"end":{"line":24,"column":17}},"loc":{"start":{"line":25,"column":2},"end":{"line":27,"column":4}},"line":25}},"branchMap":{},"s":{"0":1,"1":1,"2":1,"3":1,"4":1,"5":1,"6":1},"f":{"0":1,"1":1},"b":{},"_coverageSchema":"43e27e138ebf9cfc5966b082cf9a028302ed4184","hash":"96c297b29000905d16936c52401cb92c89a9d852"}
}
