TN:
SF:/Users/taiwosunday/codebase/js/Random_Phone_Number_Generator/client/src/component/Numbers.js
FN:13,(anonymous_0)
FN:21,(anonymous_1)
FN:30,(anonymous_2)
FN:37,(anonymous_3)
FN:38,(anonymous_4)
FN:46,(anonymous_5)
FN:48,(anonymous_6)
FN:52,(anonymous_7)
FN:54,(anonymous_8)
FN:58,(anonymous_9)
FNF:10
FNH:10
FNDA:1,(anonymous_0)
FNDA:1,(anonymous_1)
FNDA:1,(anonymous_2)
FNDA:32,(anonymous_3)
FNDA:21,(anonymous_4)
FNDA:1,(anonymous_5)
FNDA:4,(anonymous_6)
FNDA:1,(anonymous_7)
FNDA:4,(anonymous_8)
FNDA:16,(anonymous_9)
DA:14,1
DA:15,1
DA:22,1
DA:23,1
DA:27,1
DA:31,1
DA:32,1
DA:33,1
DA:34,1
DA:38,32
DA:39,21
DA:43,32
DA:47,1
DA:48,4
DA:49,1
DA:53,1
DA:54,4
DA:55,1
DA:59,16
DA:60,16
LF:20
LH:20
BRDA:81,0,0,6
BRDA:81,0,1,10
BRDA:103,1,0,6
BRDA:103,1,1,10
BRF:4
BRH:4
end_of_record
TN:
SF:/Users/taiwosunday/codebase/js/Random_Phone_Number_Generator/client/src/helper/index.js
FN:4,(anonymous_0)
FN:12,(anonymous_1)
FNF:2
FNH:2
FNDA:1,(anonymous_0)
FNDA:1,(anonymous_1)
DA:4,1
DA:5,1
DA:6,1
DA:7,1
DA:9,0
DA:12,1
DA:13,1
DA:14,1
DA:15,1
DA:17,0
LF:10
LH:8
BRF:0
BRH:0
end_of_record
TN:
SF:/Users/taiwosunday/codebase/js/Random_Phone_Number_Generator/src/app.js
FN:30,(anonymous_0)
FNF:1
FNH:1
FNDA:1,(anonymous_0)
DA:10,1
DA:12,1
DA:13,1
DA:16,1
DA:24,1
DA:25,1
DA:27,1
DA:30,1
DA:31,1
LF:9
LH:9
BRF:0
BRH:0
end_of_record
TN:
SF:/Users/taiwosunday/codebase/js/Random_Phone_Number_Generator/src/controllers/RandomNumber.js
FN:4,(anonymous_0)
FN:13,(anonymous_1)
FNF:2
FNH:2
FNDA:1,(anonymous_0)
FNDA:1,(anonymous_1)
DA:5,1
DA:6,1
DA:14,1
DA:15,1
LF:4
LH:4
BRF:0
BRH:0
end_of_record
TN:
SF:/Users/taiwosunday/codebase/js/Random_Phone_Number_Generator/src/helper/index.js
FN:11,(anonymous_0)
FN:25,(anonymous_1)
FN:34,(anonymous_2)
FN:52,(anonymous_3)
FN:61,(anonymous_4)
FN:62,(anonymous_5)
FN:68,(anonymous_6)
FNF:7
FNH:7
FNDA:1,(anonymous_0)
FNDA:1,(anonymous_1)
FNDA:1,(anonymous_2)
FNDA:3,(anonymous_3)
FNDA:2,(anonymous_4)
FNDA:2000,(anonymous_5)
FNDA:2,(anonymous_6)
DA:6,1
DA:7,1
DA:8,1
DA:12,1
DA:13,1
DA:14,1
DA:18,1
DA:19,1
DA:21,0
DA:26,1
DA:27,1
DA:28,1
DA:30,0
DA:35,1
DA:36,1
DA:37,1
DA:38,1
DA:39,1
DA:40,1000
DA:41,1000
DA:42,1000
DA:43,1000
DA:45,1
DA:46,1
DA:48,0
DA:53,3
DA:54,3
DA:55,1
DA:57,2
DA:62,2
DA:63,2000
DA:65,2
DA:69,2
DA:70,2
DA:71,2
DA:72,2
DA:74,0
LF:37
LH:33
BRDA:42,0,0,0
BRDA:42,0,1,1000
BRF:2
BRH:1
end_of_record
TN:
SF:/Users/taiwosunday/codebase/js/Random_Phone_Number_Generator/src/routes/index.js
FN:6,(anonymous_0)
FN:24,(anonymous_1)
FNF:2
FNH:2
FNDA:1,(anonymous_0)
FNDA:1,(anonymous_1)
DA:4,1
DA:6,1
DA:7,1
DA:13,1
DA:18,1
DA:24,1
DA:25,1
LF:7
LH:7
BRF:0
BRH:0
end_of_record
